<?xml version="1.0" encoding="UTF-8"?>
<testsuite xmlns:xsi="http://www.w3.org/2001/XMLSchema-instance" xsi:noNamespaceSchemaLocation="https://maven.apache.org/surefire/maven-surefire-plugin/xsd/surefire-test-report.xsd" version="3.0.2" name="org.example.practise.APIJunit" time="2.741" tests="1" errors="0" skipped="0" failures="0">
  <properties>
[...]
</properties>
  <testcase name="test" classname="org.example.practise.APIJunit" time="2.646">
    <system-out><![CDATA[HTTP/1.1 200 OK
Date: Wed, 31 Jul 2024 09:46:11 GMT
Content-Type: application/json; charset=utf-8
Transfer-Encoding: chunked
Connection: keep-alive
Report-To: {"group":"heroku-nel","max_age":3600,"endpoints":[{"url":"https://nel.heroku.com/reports?ts=1722264763&sid=c4c9725f-1ab0-44d8-820f-430df2718e11&s=gSsKb2gOn%2BL9jX0D4FzEOnYiaEtoseSaQdS4o6BP%2BGA%3D"}]}
Reporting-Endpoints: heroku-nel=https://nel.heroku.com/reports?ts=1722264763&sid=c4c9725f-1ab0-44d8-820f-430df2718e11&s=gSsKb2gOn%2BL9jX0D4FzEOnYiaEtoseSaQdS4o6BP%2BGA%3D
Nel: {"report_to":"heroku-nel","max_age":3600,"success_fraction":0.005,"failure_fraction":0.05,"response_headers":["Via"]}
X-Powered-By: Express
Access-Control-Allow-Origin: *
Etag: W/"118-pbdwwFo9SKNhD3Lx5iHJyngpq00"
Via: 1.1 vegur
Cache-Control: max-age=14400
CF-Cache-Status: HIT
Age: 2295
Vary: Accept-Encoding
Server: cloudflare
CF-RAY: 8abca8ee7a929be5-MAA
Content-Encoding: gzip

{
    "data": {
        "id": 2,
        "email": "janet.weaver@reqres.in",
        "first_name": "Janet",
        "last_name": "Weaver",
        "avatar": "https://reqres.in/img/faces/2-image.jpg"
    },
    "support": {
        "url": "https://reqres.in/#support-heading",
        "text": "To keep ReqRes free, contributions towards server costs are appreciated!"
    }
}
]]></system-out>
  </testcase>
</testsuite>